2021-01-14 20:28:46.787  INFO 5920 --- [restartedMain] c.e.application.EatThatApplication       : Starting EatThatApplication on NISBDFS128943-B with PID 5920 (D:\Work\eatThat\build\classes\java\main started by muhammad.danish3 in D:\Work\eatThat)
2021-01-14 20:28:46.798  INFO 5920 --- [restartedMain] c.e.application.EatThatApplication       : The following profiles are active: local
2021-01-14 20:28:46.856  INFO 5920 --- [restartedMain] .e.DevToolsPropertyDefaultsPostProcessor : Devtools property defaults active! Set 'spring.devtools.add-properties' to 'false' to disable
2021-01-14 20:28:46.857  INFO 5920 --- [restartedMain] .e.DevToolsPropertyDefaultsPostProcessor : For additional web related logging consider setting the 'logging.level.web' property to 'DEBUG'
2021-01-14 20:28:49.041  INFO 5920 --- [restartedMain] o.s.b.w.embedded.tomcat.TomcatWebServer  : Tomcat initialized with port(s): 9095 (http)
2021-01-14 20:28:49.051  INFO 5920 --- [restartedMain] o.apache.catalina.core.StandardService   : Starting service [Tomcat]
2021-01-14 20:28:49.051  INFO 5920 --- [restartedMain] org.apache.catalina.core.StandardEngine  : Starting Servlet engine: [Apache Tomcat/9.0.39]
2021-01-14 20:28:49.148  INFO 5920 --- [restartedMain] o.a.c.c.C.[.[localhost].[/app/api]       : Initializing Spring embedded WebApplicationContext
2021-01-14 20:28:49.148  INFO 5920 --- [restartedMain] w.s.c.ServletWebServerApplicationContext : Root WebApplicationContext: initialization completed in 2291 ms
2021-01-14 20:28:50.418  WARN 5920 --- [restartedMain] org.thymeleaf.templatemode.TemplateMode  : [THYMELEAF][restartedMain] Template Mode 'HTML5' is deprecated. Using Template Mode 'HTML' instead.
2021-01-14 20:28:50.581  INFO 5920 --- [restartedMain] o.s.s.concurrent.ThreadPoolTaskExecutor  : Initializing ExecutorService 'applicationTaskExecutor'
2021-01-14 20:28:50.605  INFO 5920 --- [restartedMain] o.s.b.d.a.OptionalLiveReloadServer       : LiveReload server is running on port 35729
2021-01-14 20:28:50.645  INFO 5920 --- [restartedMain] o.s.b.a.w.s.WelcomePageHandlerMapping    : Adding welcome page template: index
2021-01-14 20:28:50.982  INFO 5920 --- [restartedMain] o.s.b.w.embedded.tomcat.TomcatWebServer  : Tomcat started on port(s): 9095 (http) with context path '/app/api'
2021-01-14 20:28:51.434  INFO 5920 --- [restartedMain] c.e.application.EatThatApplication       : Started EatThatApplication in 4.974 seconds (JVM running for 5.447)
2021-01-14 20:32:06.200  INFO 5920 --- [http-nio-9095-exec-1] o.a.c.c.C.[.[localhost].[/app/api]       : Initializing Spring DispatcherServlet 'dispatcherServlet'
2021-01-14 20:32:06.200  INFO 5920 --- [http-nio-9095-exec-1] o.s.web.servlet.DispatcherServlet        : Initializing Servlet 'dispatcherServlet'
2021-01-14 20:32:06.221  INFO 5920 --- [http-nio-9095-exec-1] o.s.web.servlet.DispatcherServlet        : Completed initialization in 21 ms
2021-01-14 20:32:16.352  INFO 5920 --- [http-nio-9095-exec-5] com.zaxxer.hikari.HikariDataSource       : HikariPool-1 - Starting...
2021-01-14 20:32:17.440  INFO 5920 --- [http-nio-9095-exec-5] com.zaxxer.hikari.HikariDataSource       : HikariPool-1 - Start completed.
2021-01-14 20:33:18.605  INFO 20460 --- [restartedMain] c.e.application.EatThatApplication       : Starting EatThatApplication on NISBDFS128943-B with PID 20460 (D:\Work\eatThat\build\classes\java\main started by muhammad.danish3 in D:\Work\eatThat)
2021-01-14 20:33:18.609  INFO 20460 --- [restartedMain] c.e.application.EatThatApplication       : The following profiles are active: local
2021-01-14 20:33:18.659  INFO 20460 --- [restartedMain] .e.DevToolsPropertyDefaultsPostProcessor : Devtools property defaults active! Set 'spring.devtools.add-properties' to 'false' to disable
2021-01-14 20:33:18.659  INFO 20460 --- [restartedMain] .e.DevToolsPropertyDefaultsPostProcessor : For additional web related logging consider setting the 'logging.level.web' property to 'DEBUG'
2021-01-14 20:33:20.446  INFO 20460 --- [restartedMain] o.s.b.w.embedded.tomcat.TomcatWebServer  : Tomcat initialized with port(s): 9095 (http)
2021-01-14 20:33:20.459  INFO 20460 --- [restartedMain] o.apache.catalina.core.StandardService   : Starting service [Tomcat]
2021-01-14 20:33:20.459  INFO 20460 --- [restartedMain] org.apache.catalina.core.StandardEngine  : Starting Servlet engine: [Apache Tomcat/9.0.39]
2021-01-14 20:33:20.545  INFO 20460 --- [restartedMain] o.a.c.c.C.[.[localhost].[/app/api]       : Initializing Spring embedded WebApplicationContext
2021-01-14 20:33:20.545  INFO 20460 --- [restartedMain] w.s.c.ServletWebServerApplicationContext : Root WebApplicationContext: initialization completed in 1885 ms
2021-01-14 20:33:21.666  WARN 20460 --- [restartedMain] org.thymeleaf.templatemode.TemplateMode  : [THYMELEAF][restartedMain] Template Mode 'HTML5' is deprecated. Using Template Mode 'HTML' instead.
2021-01-14 20:33:21.816  INFO 20460 --- [restartedMain] o.s.s.concurrent.ThreadPoolTaskExecutor  : Initializing ExecutorService 'applicationTaskExecutor'
2021-01-14 20:33:21.842  INFO 20460 --- [restartedMain] o.s.b.d.a.OptionalLiveReloadServer       : LiveReload server is running on port 35729
2021-01-14 20:33:21.877  INFO 20460 --- [restartedMain] o.s.b.a.w.s.WelcomePageHandlerMapping    : Adding welcome page template: index
2021-01-14 20:33:22.173  INFO 20460 --- [restartedMain] o.s.b.w.embedded.tomcat.TomcatWebServer  : Tomcat started on port(s): 9095 (http) with context path '/app/api'
2021-01-14 20:33:22.622  INFO 20460 --- [restartedMain] c.e.application.EatThatApplication       : Started EatThatApplication in 4.316 seconds (JVM running for 4.88)
